<?xml version="1.0" encoding="UTF-8"?>
<testng-results ignored="0" total="2" passed="2" failed="0" skipped="0">
  <reporter-output>
  </reporter-output>
  <suite started-at="2022-11-14T21:49:31 IST" name="Data Driven Framework" finished-at="2022-11-14T21:49:35 IST" duration-ms="3793">
    <groups>
    </groups>
    <test started-at="2022-11-14T21:49:31 IST" name="Bank Manager Login Test" finished-at="2022-11-14T21:49:32 IST" duration-ms="390">
      <class name="com.datadriven.testcases.BankManagerLoginTest">
        <test-method signature="loginAsBankManager()[pri:0, instance:com.datadriven.testcases.BankManagerLoginTest@66e8997c]" started-at="2022-11-14T21:49:31 IST" name="loginAsBankManager" finished-at="2022-11-14T21:49:32 IST" duration-ms="143" status="PASS">
          <reporter-output>
          </reporter-output>
        </test-method> <!-- loginAsBankManager -->
      </class> <!-- com.datadriven.testcases.BankManagerLoginTest -->
    </test> <!-- Bank Manager Login Test -->
    <test started-at="2022-11-14T21:49:32 IST" name="Add Customer Test" finished-at="2022-11-14T21:49:35 IST" duration-ms="3381">
      <class name="com.datadriven.testcases.AddCustomerTest">
        <test-method is-config="true" signature="setUp()[pri:0, instance:com.datadriven.testcases.AddCustomerTest@64c4c01]" started-at="2022-11-14T21:49:29 IST" name="setUp" finished-at="2022-11-14T21:49:31 IST" duration-ms="2110" status="PASS">
          <reporter-output>
          </reporter-output>
        </test-method> <!-- setUp -->
        <test-method signature="addCustomer(java.lang.String,java.lang.String,java.lang.String,java.lang.String)[pri:0, instance:com.datadriven.testcases.AddCustomerTest@64c4c01]" started-at="2022-11-14T21:49:32 IST" name="addCustomer" data-provider="getData" finished-at="2022-11-14T21:49:35 IST" duration-ms="3333" status="PASS">
          <params>
            <param index="0">
              <value>
                <![CDATA[Rahul]]>
              </value>
            </param>
            <param index="1">
              <value>
                <![CDATA[Arora]]>
              </value>
            </param>
            <param index="2">
              <value>
                <![CDATA[411022.0]]>
              </value>
            </param>
            <param index="3">
              <value>
                <![CDATA[Customer added successfully]]>
              </value>
            </param>
          </params>
          <reporter-output>
          </reporter-output>
        </test-method> <!-- addCustomer -->
        <test-method is-config="true" signature="tearDown()[pri:0, instance:com.datadriven.testcases.AddCustomerTest@64c4c01]" started-at="2022-11-14T21:49:35 IST" name="tearDown" finished-at="2022-11-14T21:49:35 IST" duration-ms="201" status="PASS">
          <reporter-output>
          </reporter-output>
        </test-method> <!-- tearDown -->
      </class> <!-- com.datadriven.testcases.AddCustomerTest -->
    </test> <!-- Add Customer Test -->
  </suite> <!-- Data Driven Framework -->
</testng-results>
